<?xml version="1.0" encoding="UTF-8"?>
<!-- Generated by org.testng.reporters.JUnitXMLReporter -->
<testsuite ignored="4" hostname="DESKTOP-4VURPJC" failures="0" tests="10" name="Test" time="101.392" errors="0" timestamp="2023-07-18T18:39:14 IST">
  <testcase classname="com.actitive.TestScript.TaskModule" name="createTask" time="0.018"/>
  <testcase classname="com.actitive.TestScript.TaskModule" name="deleteTask" time="0.004"/>
  <testcase classname="com.actitive.TestScript.TaskModule" name="modifyTask" time="0.006"/>
  <testcase classname="com.actitive.TestScript.ProjectModule" name="createProject" time="0.004"/>
  <testcase classname="com.actitive.TestScript.ProjectModule" name="deleteProject" time="0.005"/>
  <testcase classname="com.actitive.TestScript.ProjectModule" name="modifyProject" time="0.009"/>
  <testcase classname="com.actitive.TestScript.DemoScreenShot" name="testScreenshot" time="11.433"/>
  <testcase classname="com.actitive.TestScript.CustomerModule" name="createModule" time="0.003"/>
  <testcase classname="com.actitive.TestScript.CustomerModule" name="deleteModule" time="0.003"/>
  <testcase classname="com.actitive.TestScript.CustomerModule" name="modifyModule" time="0.004"/>
  <testcase classname="com.actitime.generic.BaseClass" name="@BeforeTest openBrowser" time="0.0">
    <ignored/>
  </testcase> <!-- @BeforeTest openBrowser -->
  <testcase classname="com.actitime.generic.BaseClass" name="@BeforeTest openBrowser" time="0.0">
    <ignored/>
  </testcase> <!-- @BeforeTest openBrowser -->
  <testcase classname="com.actitime.generic.BaseClass" name="@AfterTest closeBroswer" time="0.0">
    <ignored/>
  </testcase> <!-- @AfterTest closeBroswer -->
  <testcase classname="com.actitime.generic.BaseClass" name="@AfterTest closeBroswer" time="0.0">
    <ignored/>
  </testcase> <!-- @AfterTest closeBroswer -->
</testsuite> <!-- Test -->
